Gtk-Message: 19:32:56.335: Failed to load module "xapp-gtk3-module"
Gtk-Message: 19:32:56.448: Failed to load module "colorreload-gtk-module"
Gtk-Message: 19:32:56.448: Failed to load module "window-decorations-gtk-module"
console.warn: "CSK Init Completed"
console.log: "add window"
console.error: ({})
console.log: ({initialized:true})
JavaScript error: resource://gre/modules/XULStore.sys.mjs, line 60: Error: Can't find profile directory.
console.warn: "This Event is registered in System: [object KeyboardEvent]"
console.warn: "This Event is registered in System: [object KeyboardEvent]"
console.warn: "This Event is registered in System: [object KeyboardEvent]"
console.warn: "This Event is registered in System: [object KeyboardEvent]"
console.warn: "This Event is registered in System: [object KeyboardEvent]"
console.warn: "This Event is registered in System: [object KeyboardEvent]"
console.warn: "This Event is registered in System: [object KeyboardEvent]"
console.warn: "This Event is registered in System: [object KeyboardEvent]"
console.warn: "This Event is registered in System: [object KeyboardEvent]"
console.warn: "This Event is registered in System: [object KeyboardEvent]"
console.warn: "This Event is registered in System: [object KeyboardEvent]"
console.warn: "This Event is registered in System: [object KeyboardEvent]"
console.warn: "This Event is registered in System: [object KeyboardEvent]"
console.warn: "This Event is registered in System: [object KeyboardEvent]"
JavaScript error: resource://gre/modules/TelemetryUtils.sys.mjs, line 143: TypeError: date is undefined
console.warn: "This Event is registered in System: [object KeyboardEvent]"
console.warn: "This Event is registered in System: [object KeyboardEvent]"
console.warn: LoginRecipes: "Falling back to a synchronous message for: https://www.google.com."
console.warn: "This Event is registered in System: [object KeyboardEvent]"
console.warn: LoginRecipes: "Falling back to a synchronous message for: https://www.google.com."
JavaScript warning: https://www.w3schools.com/lib/w3schools_footer.js?update=20230706, line 313: unreachable code after return statement
JavaScript error: https://www.w3schools.com/colors/colors_picker.asp, line 11: ReferenceError: __bdata is not defined
JavaScript error: https://www.w3schools.com/colors/colors_picker.asp, line 11: ReferenceError: __bdata is not defined
